[2026-05-11T21:18:44.887Z] GET http://localhost:3000/barberias → pending (?ms, ?B)
[2026-05-11T21:18:45.578Z] GET http://localhost:3000/_next/static/css/app/layout.css?v=1778534324926 → 404 (77ms, ?B)
[2026-05-11T21:18:45.581Z] GET http://localhost:3000/_next/static/css/app/barberias/layout.css?v=1778534324926 → 404 (78ms, ?B)
[2026-05-11T21:18:45.582Z] GET http://localhost:3000/_next/static/chunks/webpack.js?v=1778534324926 → 200 (33ms, 56350B)
[2026-05-11T21:18:45.585Z] GET http://localhost:3000/_next/static/chunks/main-app.js?v=1778534324926 → 404 (174ms, ?B)
[2026-05-11T21:18:45.585Z] GET http://localhost:3000/_next/static/chunks/app-pages-internals.js → 404 (180ms, ?B)
[2026-05-11T21:18:45.586Z] GET http://localhost:3000/_next/static/chunks/app/layout.js → 404 (176ms, ?B)
[2026-05-11T21:18:45.587Z] GET http://localhost:3000/_next/static/chunks/app/barberias/page.js → 404 (185ms, ?B)
[2026-05-11T21:19:40.245Z] GET http://localhost:3000/barberias → 200 (243ms, 40871B)
[2026-05-11T21:19:40.500Z] GET http://localhost:3000/_next/static/css/app/layout.css?v=1778534380269 → 404 (71ms, ?B)
[2026-05-11T21:19:40.500Z] GET http://localhost:3000/_next/static/css/app/barberias/layout.css?v=1778534380269 → 404 (82ms, ?B)
[2026-05-11T21:19:40.500Z] GET http://localhost:3000/_next/static/chunks/webpack.js?v=1778534380269 → 200 (32ms, 56350B)
[2026-05-11T21:19:40.501Z] GET http://localhost:3000/_next/static/chunks/main-app.js?v=1778534380269 → 404 (159ms, ?B)
[2026-05-11T21:19:40.501Z] GET http://localhost:3000/_next/static/chunks/app-pages-internals.js → 404 (165ms, ?B)
[2026-05-11T21:19:40.506Z] GET http://localhost:3000/_next/static/chunks/app/layout.js → 404 (164ms, ?B)
[2026-05-11T21:19:40.511Z] GET http://localhost:3000/_next/static/chunks/app/barberias/page.js → 404 (162ms, ?B)
[2026-05-11T21:20:12.028Z] GET http://localhost:3000/barberias → pending (?ms, ?B)
[2026-05-11T21:20:12.247Z] GET http://localhost:3000/_next/static/css/app/layout.css?v=1778534412045 → 404 (53ms, ?B)
[2026-05-11T21:20:12.248Z] GET http://localhost:3000/_next/static/css/app/barberias/layout.css?v=1778534412045 → 404 (56ms, ?B)
[2026-05-11T21:20:12.249Z] GET http://localhost:3000/_next/static/chunks/webpack.js?v=1778534412045 → 200 (24ms, 56350B)
[2026-05-11T21:20:12.249Z] GET http://localhost:3000/_next/static/chunks/main-app.js?v=1778534412045 → 404 (135ms, ?B)
[2026-05-11T21:20:12.249Z] GET http://localhost:3000/_next/static/chunks/app-pages-internals.js → 404 (136ms, ?B)
[2026-05-11T21:20:12.249Z] GET http://localhost:3000/_next/static/chunks/app/layout.js → 404 (133ms, ?B)
[2026-05-11T21:20:12.249Z] GET http://localhost:3000/_next/static/chunks/app/barberias/page.js → 404 (140ms, ?B)
[2026-05-11T21:23:31.785Z] GET http://localhost:3002/barberias → 200 (184ms, 39919B)
[2026-05-11T21:23:31.981Z] GET http://localhost:3002/_next/static/css/d79bbaf8c9584c93.css → 200 (27ms, 92359B)
[2026-05-11T21:23:31.981Z] GET http://localhost:3002/_next/static/css/7dfd643b849ac952.css → 200 (22ms, 70024B)
[2026-05-11T21:23:31.981Z] GET http://localhost:3002/_next/static/css/028302dccfbd8f41.css → 200 (28ms, 1949B)
[2026-05-11T21:23:31.982Z] GET http://localhost:3002/_next/static/chunks/webpack-b6ecb7084653318f.js → 200 (139ms, 3811B)
[2026-05-11T21:23:31.983Z] GET http://localhost:3002/_next/static/chunks/fd9d1056-eeee1a01e369ed1b.js → 200 (140ms, 172835B)
[2026-05-11T21:23:31.983Z] GET http://localhost:3002/_next/static/chunks/2117-557b22e847b244c1.js → 200 (140ms, 123529B)
[2026-05-11T21:23:31.983Z] GET http://localhost:3002/_next/static/chunks/main-app-694e2d46c8f8c3f3.js → 200 (136ms, 464B)
[2026-05-11T21:23:31.983Z] GET http://localhost:3002/_next/static/chunks/2972-0251acc8e67dd84b.js → 200 (139ms, 26067B)
[2026-05-11T21:23:31.983Z] GET http://localhost:3002/_next/static/chunks/app/layout-988276403c54d810.js → 200 (138ms, 13578B)
[2026-05-11T21:23:31.983Z] GET http://localhost:3002/_next/static/chunks/6540-c122906528a1f672.js → 200 (139ms, 28942B)
[2026-05-11T21:23:31.983Z] GET http://localhost:3002/_next/static/chunks/app/barberias/page-3f81ef7b7c449b2f.js → 200 (139ms, 157B)
[2026-05-11T21:23:32.233Z] GET http://localhost:3002/_next/static/chunks/05f6971a.f41d7bcef493ee72.js → 200 (296ms, 1036032B)
[2026-05-11T21:23:32.248Z] GET http://localhost:3002/?_rsc=1kcrr → 200 (243ms, 184963B)
[2026-05-11T21:23:32.248Z] GET http://localhost:3002/login?_rsc=1kcrr → 200 (237ms, 5782B)
[2026-05-11T21:23:32.248Z] GET http://localhost:3002/barberias/barcelona?_rsc=1kcrr → 200 (192ms, ?B)
[2026-05-11T21:23:32.248Z] GET http://localhost:3002/r/demo-barber?_rsc=1kcrr → 200 (192ms, ?B)
[2026-05-11T21:23:32.259Z] GET http://localhost:3002/legal/cookies?_rsc=1kcrr → 200 (227ms, 23347B)
[2026-05-11T21:23:32.262Z] GET http://localhost:3002/_vercel/insights/script.js → 404 (264ms, ?B)
[2026-05-11T21:23:32.489Z] GET http://localhost:3002/_next/static/chunks/44530001-843f7204a6f30302.js → 200 (36ms, 60246B)
[2026-05-11T21:23:32.490Z] GET http://localhost:3002/_next/static/chunks/5069-499147e04af018fb.js → 200 (212ms, 172613B)
[2026-05-11T21:23:32.490Z] GET http://localhost:3002/_next/static/chunks/2990-45d32f3a32cc9347.js → 200 (36ms, 15136B)
[2026-05-11T21:23:32.491Z] GET http://localhost:3002/_next/static/chunks/app/login/page-edfcc960de60ec4c.js → 200 (38ms, 8044B)
[2026-05-11T21:23:32.494Z] GET http://localhost:3002/_next/static/chunks/app/legal/cookies/page-a2da13ed4a7cd4fb.js → 200 (33ms, 335B)
[2026-05-11T21:23:32.497Z] GET http://localhost:3002/_next/static/chunks/app/page-1ab1e862876b81ec.js → 200 (164ms, 7359B)
[2026-05-11T21:23:32.612Z] GET blob:http://localhost:3002/92b5fae9-d259-40ad-93d8-f266d4993ab7 → 200 (95ms, 478168B)
[2026-05-11T21:23:32.825Z] GET https://c.basemaps.cartocdn.com/light_all/7/62/48.png → pending (?ms, ?B)
[2026-05-11T21:23:32.827Z] GET https://b.basemaps.cartocdn.com/light_all/7/62/47.png → pending (?ms, ?B)
[2026-05-11T21:23:32.827Z] GET https://a.basemaps.cartocdn.com/light_all/7/63/48.png → pending (?ms, ?B)
[2026-05-11T21:23:32.827Z] GET https://c.basemaps.cartocdn.com/light_all/7/63/47.png → pending (?ms, ?B)
[2026-05-11T21:23:32.827Z] GET https://b.basemaps.cartocdn.com/light_all/7/61/48.png → pending (?ms, ?B)
[2026-05-11T21:23:32.827Z] GET https://a.basemaps.cartocdn.com/light_all/7/62/49.png → pending (?ms, ?B)
[2026-05-11T21:23:32.827Z] GET https://a.basemaps.cartocdn.com/light_all/7/61/47.png → pending (?ms, ?B)
[2026-05-11T21:23:32.827Z] GET https://b.basemaps.cartocdn.com/light_all/7/63/49.png → pending (?ms, ?B)
[2026-05-11T21:23:32.827Z] GET https://c.basemaps.cartocdn.com/light_all/7/61/49.png → pending (?ms, ?B)
[2026-05-11T21:23:32.827Z] GET https://a.basemaps.cartocdn.com/light_all/7/62/46.png → pending (?ms, ?B)
[2026-05-11T21:23:32.827Z] GET https://b.basemaps.cartocdn.com/light_all/7/64/48.png → pending (?ms, ?B)
[2026-05-11T21:23:32.827Z] GET https://b.basemaps.cartocdn.com/light_all/7/63/46.png → pending (?ms, ?B)
[2026-05-11T21:23:32.828Z] GET https://a.basemaps.cartocdn.com/light_all/7/64/47.png → pending (?ms, ?B)
[2026-05-11T21:23:32.828Z] GET https://c.basemaps.cartocdn.com/light_all/7/61/46.png → pending (?ms, ?B)
[2026-05-11T21:23:32.828Z] GET https://c.basemaps.cartocdn.com/light_all/7/64/49.png → pending (?ms, ?B)
[2026-05-11T21:23:32.828Z] GET https://c.basemaps.cartocdn.com/light_all/7/64/46.png → pending (?ms, ?B)
[2026-05-11T21:23:36.568Z] GET https://b.basemaps.cartocdn.com/light_all/15/16581/12238.png → 200 (129ms, 33898B)
[2026-05-11T21:23:36.570Z] GET https://c.basemaps.cartocdn.com/light_all/15/16581/12239.png → 200 (124ms, 31691B)
[2026-05-11T21:23:36.570Z] GET https://a.basemaps.cartocdn.com/light_all/15/16580/12238.png → 200 (94ms, 22559B)
[2026-05-11T21:23:36.571Z] GET https://c.basemaps.cartocdn.com/light_all/15/16582/12238.png → 200 (126ms, 33291B)
[2026-05-11T21:23:36.571Z] GET https://b.basemaps.cartocdn.com/light_all/15/16580/12239.png → 200 (254ms, 23021B)
[2026-05-11T21:23:36.571Z] GET https://a.basemaps.cartocdn.com/light_all/15/16581/12237.png → 200 (259ms, 29094B)
[2026-05-11T21:23:36.571Z] GET https://a.basemaps.cartocdn.com/light_all/15/16582/12239.png → 200 (258ms, 32654B)
[2026-05-11T21:23:36.571Z] GET https://c.basemaps.cartocdn.com/light_all/15/16580/12237.png → 200 (260ms, 30573B)
[2026-05-11T21:23:36.571Z] GET https://b.basemaps.cartocdn.com/light_all/15/16582/12237.png → 200 (260ms, 27790B)
[2026-05-11T21:23:36.571Z] GET https://a.basemaps.cartocdn.com/light_all/15/16581/12240.png → 200 (260ms, 30872B)
[2026-05-11T21:23:36.571Z] GET https://c.basemaps.cartocdn.com/light_all/15/16579/12238.png → 200 (263ms, 22815B)
[2026-05-11T21:23:36.571Z] GET https://c.basemaps.cartocdn.com/light_all/15/16580/12240.png → 200 (262ms, 29639B)
[2026-05-11T21:23:36.571Z] GET https://a.basemaps.cartocdn.com/light_all/15/16579/12239.png → 200 (263ms, 24268B)
[2026-05-11T21:23:36.571Z] GET https://b.basemaps.cartocdn.com/light_all/15/16582/12240.png → 200 (265ms, 15542B)
[2026-05-11T21:23:36.571Z] GET https://b.basemaps.cartocdn.com/light_all/15/16579/12237.png → 200 (263ms, 30389B)
[2026-05-11T21:23:36.571Z] GET https://b.basemaps.cartocdn.com/light_all/15/16579/12240.png → 200 (265ms, 28214B)
[2026-05-11T21:26:22.998Z] GET http://localhost:3002/barberias → 200 (301ms, 39919B)
[2026-05-11T21:26:23.315Z] GET http://localhost:3002/_next/static/css/d79bbaf8c9584c93.css → 200 (1ms, 92359B)
[2026-05-11T21:26:23.317Z] GET http://localhost:3002/_next/static/css/7dfd643b849ac952.css → 200 (4ms, 70024B)
[2026-05-11T21:26:23.321Z] GET http://localhost:3002/_next/static/css/028302dccfbd8f41.css → 200 (?ms, 1949B)
[2026-05-11T21:26:23.322Z] GET http://localhost:3002/_next/static/chunks/webpack-b6ecb7084653318f.js → 200 (?ms, 3811B)
[2026-05-11T21:26:23.322Z] GET http://localhost:3002/_next/static/chunks/fd9d1056-eeee1a01e369ed1b.js → 200 (?ms, 172835B)
[2026-05-11T21:26:23.322Z] GET http://localhost:3002/_next/static/chunks/2117-557b22e847b244c1.js → 200 (3ms, 123529B)
[2026-05-11T21:26:23.325Z] GET http://localhost:3002/_next/static/chunks/main-app-694e2d46c8f8c3f3.js → 200 (?ms, 464B)
[2026-05-11T21:26:23.325Z] GET http://localhost:3002/_next/static/chunks/2972-0251acc8e67dd84b.js → 200 (?ms, 26067B)
[2026-05-11T21:26:23.326Z] GET http://localhost:3002/_next/static/chunks/app/layout-988276403c54d810.js → 200 (?ms, 13578B)
[2026-05-11T21:26:23.326Z] GET http://localhost:3002/_next/static/chunks/6540-c122906528a1f672.js → 200 (?ms, 28942B)
[2026-05-11T21:26:23.327Z] GET http://localhost:3002/_next/static/chunks/app/barberias/page-3f81ef7b7c449b2f.js → 200 (?ms, 157B)
[2026-05-11T21:26:23.371Z] GET http://localhost:3002/_next/static/chunks/05f6971a.f41d7bcef493ee72.js → 200 (1ms, 1036032B)
[2026-05-11T21:26:23.422Z] GET blob:http://localhost:3002/99205e80-dde5-4c3e-81f3-ec478499e117 → 200 (188ms, 478168B)
[2026-05-11T21:26:23.444Z] GET http://localhost:3002/_vercel/insights/script.js → 404 (203ms, ?B)
[2026-05-11T21:26:23.501Z] GET http://localhost:3002/?_rsc=1kcrr → 200 (108ms, 184963B)
[2026-05-11T21:26:23.501Z] GET http://localhost:3002/login?_rsc=1kcrr → 200 (109ms, 5782B)
[2026-05-11T21:26:23.501Z] GET http://localhost:3002/barberias/barcelona?_rsc=1kcrr → 200 (143ms, 157B)
[2026-05-11T21:26:23.502Z] GET http://localhost:3002/r/demo-barber?_rsc=1kcrr → 200 (142ms, 134B)
[2026-05-11T21:26:23.573Z] GET https://c.basemaps.cartocdn.com/light_all/7/62/48.png → 200 (25ms, 19987B)
[2026-05-11T21:26:23.575Z] GET https://b.basemaps.cartocdn.com/light_all/7/62/47.png → 200 (23ms, 19694B)
[2026-05-11T21:26:23.575Z] GET https://a.basemaps.cartocdn.com/light_all/7/63/48.png → 200 (23ms, 20756B)
[2026-05-11T21:26:23.575Z] GET https://c.basemaps.cartocdn.com/light_all/7/63/47.png → 200 (23ms, 23133B)
[2026-05-11T21:26:23.575Z] GET https://b.basemaps.cartocdn.com/light_all/7/61/48.png → 200 (23ms, 19205B)
[2026-05-11T21:26:23.580Z] GET https://a.basemaps.cartocdn.com/light_all/7/62/49.png → 200 (19ms, 13446B)
[2026-05-11T21:26:23.581Z] GET https://a.basemaps.cartocdn.com/light_all/7/61/47.png → 200 (18ms, 22079B)
[2026-05-11T21:26:23.581Z] GET https://b.basemaps.cartocdn.com/light_all/7/63/49.png → 200 (18ms, 13801B)
[2026-05-11T21:26:23.581Z] GET https://c.basemaps.cartocdn.com/light_all/7/61/49.png → 200 (19ms, 14345B)
[2026-05-11T21:26:23.581Z] GET https://a.basemaps.cartocdn.com/light_all/7/62/46.png → 200 (19ms, 7117B)
[2026-05-11T21:26:23.581Z] GET https://b.basemaps.cartocdn.com/light_all/7/64/48.png → 200 (19ms, 5046B)
[2026-05-11T21:26:23.581Z] GET https://b.basemaps.cartocdn.com/light_all/7/63/46.png → 200 (19ms, 16267B)
[2026-05-11T21:26:23.581Z] GET https://a.basemaps.cartocdn.com/light_all/7/64/47.png → 200 (28ms, 22930B)
[2026-05-11T21:26:23.582Z] GET https://c.basemaps.cartocdn.com/light_all/7/61/46.png → 200 (27ms, 8233B)
[2026-05-11T21:26:23.582Z] GET https://c.basemaps.cartocdn.com/light_all/7/64/49.png → 200 (27ms, 1565B)
[2026-05-11T21:26:23.582Z] GET https://c.basemaps.cartocdn.com/light_all/7/64/46.png → 200 (28ms, 21503B)
[2026-05-11T21:26:23.624Z] GET http://localhost:3002/_next/static/chunks/app/page-1ab1e862876b81ec.js → 200 (?ms, 7359B)
[2026-05-11T21:26:23.642Z] GET http://localhost:3002/_next/static/chunks/44530001-843f7204a6f30302.js → 200 (?ms, 60246B)
[2026-05-11T21:26:23.643Z] GET http://localhost:3002/_next/static/chunks/5069-499147e04af018fb.js → 200 (?ms, 172613B)
[2026-05-11T21:26:23.643Z] GET http://localhost:3002/_next/static/chunks/2990-45d32f3a32cc9347.js → 200 (?ms, 15136B)
[2026-05-11T21:26:23.644Z] GET http://localhost:3002/_next/static/chunks/app/login/page-edfcc960de60ec4c.js → 200 (?ms, 8044B)
[2026-05-11T21:26:23.932Z] GET https://b.basemaps.cartocdn.com/light_all/15/16581/12238.png → 200 (1ms, 33898B)
[2026-05-11T21:26:23.932Z] GET https://c.basemaps.cartocdn.com/light_all/15/16581/12239.png → 200 (2ms, 31691B)
[2026-05-11T21:26:23.932Z] GET https://a.basemaps.cartocdn.com/light_all/15/16580/12238.png → 200 (2ms, 22559B)
[2026-05-11T21:26:23.932Z] GET https://c.basemaps.cartocdn.com/light_all/15/16582/12238.png → 200 (2ms, 33291B)
[2026-05-11T21:26:23.933Z] GET https://b.basemaps.cartocdn.com/light_all/15/16580/12239.png → 200 (1ms, 23021B)
[2026-05-11T21:26:23.933Z] GET https://a.basemaps.cartocdn.com/light_all/15/16581/12237.png → 200 (1ms, 29094B)
[2026-05-11T21:26:23.933Z] GET https://a.basemaps.cartocdn.com/light_all/15/16582/12239.png → 200 (2ms, 32654B)
[2026-05-11T21:26:23.933Z] GET https://c.basemaps.cartocdn.com/light_all/15/16580/12237.png → 200 (2ms, 30573B)
[2026-05-11T21:26:23.933Z] GET https://b.basemaps.cartocdn.com/light_all/15/16582/12237.png → 200 (3ms, 27790B)
[2026-05-11T21:26:23.933Z] GET https://a.basemaps.cartocdn.com/light_all/15/16581/12240.png → 200 (3ms, 30872B)
[2026-05-11T21:26:23.933Z] GET https://c.basemaps.cartocdn.com/light_all/15/16579/12238.png → 200 (3ms, 22815B)
[2026-05-11T21:26:23.933Z] GET https://c.basemaps.cartocdn.com/light_all/15/16580/12240.png → 200 (3ms, 29639B)
[2026-05-11T21:26:23.933Z] GET https://a.basemaps.cartocdn.com/light_all/15/16579/12239.png → 200 (3ms, 24268B)
[2026-05-11T21:26:23.933Z] GET https://b.basemaps.cartocdn.com/light_all/15/16582/12240.png → 200 (3ms, 15542B)
[2026-05-11T21:26:23.933Z] GET https://b.basemaps.cartocdn.com/light_all/15/16579/12237.png → 200 (53ms, 30389B)
[2026-05-11T21:26:23.933Z] GET https://b.basemaps.cartocdn.com/light_all/15/16579/12240.png → 200 (53ms, 28214B)
[2026-05-11T21:26:37.390Z] GET http://localhost:3002/barberias/barcelona?_rsc=p6s05 → 200 (15ms, 8177B)
[2026-05-11T21:26:37.543Z] GET http://localhost:3002/_next/static/chunks/app/barberias/%5Bcity%5D/page-0562ef5116ab2647.js → 200 (4ms, 157B)
[2026-05-11T21:26:37.650Z] GET https://c.basemaps.cartocdn.com/light_all/7/62/48.png → 200 (4ms, 19987B)
[2026-05-11T21:26:37.651Z] GET https://b.basemaps.cartocdn.com/light_all/7/62/47.png → 200 (4ms, 19694B)
[2026-05-11T21:26:37.651Z] GET https://a.basemaps.cartocdn.com/light_all/7/63/48.png → 200 (4ms, 20756B)
[2026-05-11T21:26:37.651Z] GET https://c.basemaps.cartocdn.com/light_all/7/63/47.png → 200 (4ms, 23133B)
[2026-05-11T21:26:37.651Z] GET https://b.basemaps.cartocdn.com/light_all/7/61/48.png → 200 (6ms, 19205B)
[2026-05-11T21:26:37.651Z] GET https://a.basemaps.cartocdn.com/light_all/7/62/49.png → 200 (6ms, 13446B)
[2026-05-11T21:26:37.651Z] GET https://a.basemaps.cartocdn.com/light_all/7/61/47.png → 200 (6ms, 22079B)
[2026-05-11T21:26:37.653Z] GET https://b.basemaps.cartocdn.com/light_all/7/63/49.png → 200 (4ms, 13801B)
[2026-05-11T21:26:37.654Z] GET https://c.basemaps.cartocdn.com/light_all/7/61/49.png → 200 (3ms, 14345B)
[2026-05-11T21:26:37.654Z] GET https://a.basemaps.cartocdn.com/light_all/7/62/46.png → 200 (3ms, 7117B)
[2026-05-11T21:26:37.654Z] GET https://b.basemaps.cartocdn.com/light_all/7/63/46.png → 200 (6ms, 16267B)
[2026-05-11T21:26:37.654Z] GET https://c.basemaps.cartocdn.com/light_all/7/61/46.png → 200 (6ms, 8233B)
[2026-05-11T21:26:37.804Z] GET https://b.basemaps.cartocdn.com/light_all/15/16581/12238.png → 200 (5ms, 33898B)
[2026-05-11T21:26:37.804Z] GET https://c.basemaps.cartocdn.com/light_all/15/16581/12239.png → 200 (5ms, 31691B)
[2026-05-11T21:26:37.807Z] GET https://a.basemaps.cartocdn.com/light_all/15/16580/12238.png → 200 (48ms, 22559B)
[2026-05-11T21:26:37.807Z] GET https://c.basemaps.cartocdn.com/light_all/15/16582/12238.png → 200 (51ms, 33291B)
[2026-05-11T21:26:37.807Z] GET https://b.basemaps.cartocdn.com/light_all/15/16580/12239.png → 200 (52ms, 23021B)
[2026-05-11T21:26:37.808Z] GET https://a.basemaps.cartocdn.com/light_all/15/16581/12237.png → 200 (51ms, 29094B)
[2026-05-11T21:26:37.808Z] GET https://a.basemaps.cartocdn.com/light_all/15/16582/12239.png → 200 (55ms, 32654B)
[2026-05-11T21:26:37.808Z] GET https://c.basemaps.cartocdn.com/light_all/15/16580/12237.png → 200 (55ms, 30573B)
[2026-05-11T21:26:37.808Z] GET https://b.basemaps.cartocdn.com/light_all/15/16582/12237.png → 200 (55ms, 27790B)
[2026-05-11T21:26:37.808Z] GET https://a.basemaps.cartocdn.com/light_all/15/16581/12240.png → 200 (55ms, 30872B)
[2026-05-11T21:26:37.808Z] GET https://c.basemaps.cartocdn.com/light_all/15/16580/12240.png → 200 (56ms, 29639B)
[2026-05-11T21:26:37.808Z] GET https://b.basemaps.cartocdn.com/light_all/15/16582/12240.png → 200 (56ms, 15542B)
[2026-05-11T21:26:55.134Z] GET http://localhost:3002/barberias → 200 (172ms, 39919B)
[2026-05-11T21:26:55.322Z] GET http://localhost:3002/_next/static/css/d79bbaf8c9584c93.css → 200 (2ms, 92359B)
[2026-05-11T21:26:55.324Z] GET http://localhost:3002/_next/static/css/7dfd643b849ac952.css → 200 (?ms, 70024B)
[2026-05-11T21:26:55.324Z] GET http://localhost:3002/_next/static/css/028302dccfbd8f41.css → 200 (?ms, 1949B)
[2026-05-11T21:26:55.325Z] GET http://localhost:3002/_next/static/chunks/webpack-b6ecb7084653318f.js → 200 (?ms, 3811B)
[2026-05-11T21:26:55.325Z] GET http://localhost:3002/_next/static/chunks/fd9d1056-eeee1a01e369ed1b.js → 200 (2ms, 172835B)
[2026-05-11T21:26:55.327Z] GET http://localhost:3002/_next/static/chunks/2117-557b22e847b244c1.js → 200 (1ms, 123529B)
[2026-05-11T21:26:55.328Z] GET http://localhost:3002/_next/static/chunks/main-app-694e2d46c8f8c3f3.js → 200 (?ms, 464B)
[2026-05-11T21:26:55.328Z] GET http://localhost:3002/_next/static/chunks/2972-0251acc8e67dd84b.js → 200 (?ms, 26067B)
[2026-05-11T21:26:55.328Z] GET http://localhost:3002/_next/static/chunks/app/layout-988276403c54d810.js → 200 (?ms, 13578B)
[2026-05-11T21:26:55.329Z] GET http://localhost:3002/_next/static/chunks/6540-c122906528a1f672.js → 200 (?ms, 28942B)
[2026-05-11T21:26:55.329Z] GET http://localhost:3002/_next/static/chunks/app/barberias/page-3f81ef7b7c449b2f.js → 200 (?ms, 157B)
[2026-05-11T21:26:55.389Z] GET http://localhost:3002/_next/static/chunks/05f6971a.f41d7bcef493ee72.js → 200 (2ms, 1036032B)
[2026-05-11T21:26:55.393Z] GET http://localhost:3002/barberias/barcelona?_rsc=1kcrr → 200 (75ms, 157B)
[2026-05-11T21:26:55.425Z] GET blob:http://localhost:3002/879be04a-838d-4761-a7cb-59d03825ff87 → 200 (167ms, 478168B)
[2026-05-11T21:26:55.499Z] GET http://localhost:3002/_vercel/insights/script.js → 404 (75ms, ?B)
[2026-05-11T21:26:55.561Z] GET https://c.basemaps.cartocdn.com/light_all/7/62/48.png → 200 (5ms, 19987B)
[2026-05-11T21:26:55.562Z] GET https://b.basemaps.cartocdn.com/light_all/7/62/47.png → 200 (5ms, 19694B)
[2026-05-11T21:26:55.562Z] GET https://a.basemaps.cartocdn.com/light_all/7/63/48.png → 200 (5ms, 20756B)
[2026-05-11T21:26:55.562Z] GET https://c.basemaps.cartocdn.com/light_all/7/63/47.png → 200 (5ms, 23133B)
[2026-05-11T21:26:55.563Z] GET https://b.basemaps.cartocdn.com/light_all/7/61/48.png → 200 (4ms, 19205B)
[2026-05-11T21:26:55.563Z] GET https://a.basemaps.cartocdn.com/light_all/7/62/49.png → 200 (6ms, 13446B)
[2026-05-11T21:26:55.564Z] GET https://a.basemaps.cartocdn.com/light_all/7/61/47.png → 200 (6ms, 22079B)
[2026-05-11T21:26:55.564Z] GET https://b.basemaps.cartocdn.com/light_all/7/63/49.png → 200 (6ms, 13801B)
[2026-05-11T21:26:55.564Z] GET https://c.basemaps.cartocdn.com/light_all/7/61/49.png → 200 (6ms, 14345B)
[2026-05-11T21:26:55.564Z] GET https://a.basemaps.cartocdn.com/light_all/7/62/46.png → 200 (7ms, 7117B)
[2026-05-11T21:26:55.564Z] GET https://b.basemaps.cartocdn.com/light_all/7/64/48.png → 200 (8ms, 5046B)
[2026-05-11T21:26:55.564Z] GET https://b.basemaps.cartocdn.com/light_all/7/63/46.png → 200 (8ms, 16267B)
[2026-05-11T21:26:55.564Z] GET https://a.basemaps.cartocdn.com/light_all/7/64/47.png → 200 (8ms, 22930B)
[2026-05-11T21:26:55.564Z] GET https://c.basemaps.cartocdn.com/light_all/7/61/46.png → 200 (9ms, 8233B)
[2026-05-11T21:26:55.564Z] GET https://c.basemaps.cartocdn.com/light_all/7/64/49.png → 200 (9ms, 1565B)
[2026-05-11T21:26:55.564Z] GET https://c.basemaps.cartocdn.com/light_all/7/64/46.png → 200 (9ms, 21503B)
[2026-05-11T21:26:55.603Z] GET http://localhost:3002/?_rsc=1kcrr → 200 (33ms, 184963B)
[2026-05-11T21:26:55.603Z] GET http://localhost:3002/login?_rsc=1kcrr → 200 (60ms, 5782B)
[2026-05-11T21:26:55.603Z] GET http://localhost:3002/r/demo-barber?_rsc=1kcrr → 200 (60ms, 134B)
[2026-05-11T21:26:55.676Z] GET http://localhost:3002/_next/static/chunks/app/page-1ab1e862876b81ec.js → 200 (?ms, 7359B)
[2026-05-11T21:26:55.694Z] GET http://localhost:3002/_next/static/chunks/44530001-843f7204a6f30302.js → 200 (?ms, 60246B)
[2026-05-11T21:26:55.694Z] GET http://localhost:3002/_next/static/chunks/5069-499147e04af018fb.js → 200 (2ms, 172613B)
[2026-05-11T21:26:55.696Z] GET http://localhost:3002/_next/static/chunks/2990-45d32f3a32cc9347.js → 200 (?ms, 15136B)
[2026-05-11T21:26:55.697Z] GET http://localhost:3002/_next/static/chunks/app/login/page-edfcc960de60ec4c.js → 200 (?ms, 8044B)
[2026-05-11T21:26:55.836Z] GET https://b.basemaps.cartocdn.com/light_all/15/16581/12238.png → 200 (10ms, 33898B)
[2026-05-11T21:26:55.838Z] GET https://c.basemaps.cartocdn.com/light_all/15/16581/12239.png → 200 (8ms, 31691B)
[2026-05-11T21:26:55.838Z] GET https://a.basemaps.cartocdn.com/light_all/15/16580/12238.png → 200 (9ms, 22559B)
[2026-05-11T21:26:55.838Z] GET https://c.basemaps.cartocdn.com/light_all/15/16582/12238.png → 200 (35ms, 33291B)
[2026-05-11T21:26:55.838Z] GET https://b.basemaps.cartocdn.com/light_all/15/16580/12239.png → 200 (35ms, 23021B)
[2026-05-11T21:26:55.838Z] GET https://a.basemaps.cartocdn.com/light_all/15/16581/12237.png → 200 (37ms, 29094B)
[2026-05-11T21:26:55.838Z] GET https://a.basemaps.cartocdn.com/light_all/15/16582/12239.png → 200 (38ms, 32654B)
[2026-05-11T21:26:55.839Z] GET https://c.basemaps.cartocdn.com/light_all/15/16580/12237.png → 200 (39ms, 30573B)
[2026-05-11T21:26:55.839Z] GET https://b.basemaps.cartocdn.com/light_all/15/16582/12237.png → 200 (41ms, 27790B)
[2026-05-11T21:26:55.839Z] GET https://a.basemaps.cartocdn.com/light_all/15/16581/12240.png → 200 (41ms, 30872B)
[2026-05-11T21:26:55.839Z] GET https://c.basemaps.cartocdn.com/light_all/15/16579/12238.png → 200 (42ms, 22815B)
[2026-05-11T21:26:55.839Z] GET https://c.basemaps.cartocdn.com/light_all/15/16580/12240.png → 200 (42ms, 29639B)
[2026-05-11T21:26:55.839Z] GET https://a.basemaps.cartocdn.com/light_all/15/16579/12239.png → 200 (42ms, 24268B)
[2026-05-11T21:26:55.839Z] GET https://b.basemaps.cartocdn.com/light_all/15/16582/12240.png → 200 (42ms, 15542B)
[2026-05-11T21:26:55.839Z] GET https://b.basemaps.cartocdn.com/light_all/15/16579/12237.png → 200 (42ms, 30389B)
[2026-05-11T21:26:55.839Z] GET https://b.basemaps.cartocdn.com/light_all/15/16579/12240.png → 200 (42ms, 28214B)
[2026-05-11T21:27:37.137Z] GET http://localhost:3002/barberias/barcelona?_rsc=p6s05 → 200 (16ms, ?B)
[2026-05-11T21:27:37.435Z] GET http://localhost:3002/_next/static/chunks/app/barberias/%5Bcity%5D/page-0562ef5116ab2647.js → 200 (?ms, 157B)
[2026-05-11T21:27:37.571Z] GET https://c.basemaps.cartocdn.com/light_all/7/62/48.png → 200 (5ms, 19987B)
[2026-05-11T21:27:37.572Z] GET https://b.basemaps.cartocdn.com/light_all/7/62/47.png → 200 (4ms, 19694B)
[2026-05-11T21:27:37.572Z] GET https://a.basemaps.cartocdn.com/light_all/7/63/48.png → 200 (4ms, 20756B)
[2026-05-11T21:27:37.572Z] GET https://c.basemaps.cartocdn.com/light_all/7/63/47.png → 200 (4ms, 23133B)
[2026-05-11T21:27:37.572Z] GET https://b.basemaps.cartocdn.com/light_all/7/61/48.png → 200 (4ms, 19205B)
[2026-05-11T21:27:37.573Z] GET https://a.basemaps.cartocdn.com/light_all/7/62/49.png → 200 (3ms, 13446B)
[2026-05-11T21:27:37.573Z] GET https://a.basemaps.cartocdn.com/light_all/7/61/47.png → 200 (4ms, 22079B)
[2026-05-11T21:27:37.573Z] GET https://b.basemaps.cartocdn.com/light_all/7/63/49.png → 200 (4ms, 13801B)
[2026-05-11T21:27:37.573Z] GET https://c.basemaps.cartocdn.com/light_all/7/61/49.png → 200 (10ms, 14345B)
[2026-05-11T21:27:37.573Z] GET https://a.basemaps.cartocdn.com/light_all/7/62/46.png → 200 (10ms, 7117B)
[2026-05-11T21:27:37.573Z] GET https://b.basemaps.cartocdn.com/light_all/7/63/46.png → 200 (11ms, 16267B)
[2026-05-11T21:27:37.573Z] GET https://c.basemaps.cartocdn.com/light_all/7/61/46.png → 200 (12ms, 8233B)
[2026-05-11T21:27:37.743Z] GET https://b.basemaps.cartocdn.com/light_all/15/16581/12238.png → 200 (3ms, 33898B)
[2026-05-11T21:27:37.744Z] GET https://c.basemaps.cartocdn.com/light_all/15/16581/12239.png → 200 (2ms, 31691B)
[2026-05-11T21:27:37.744Z] GET https://a.basemaps.cartocdn.com/light_all/15/16580/12238.png → 200 (59ms, 22559B)
[2026-05-11T21:27:37.744Z] GET https://c.basemaps.cartocdn.com/light_all/15/16582/12238.png → 200 (59ms, 33291B)
[2026-05-11T21:27:37.744Z] GET https://b.basemaps.cartocdn.com/light_all/15/16580/12239.png → 200 (59ms, 23021B)
[2026-05-11T21:27:37.745Z] GET https://a.basemaps.cartocdn.com/light_all/15/16581/12237.png → 200 (58ms, 29094B)
[2026-05-11T21:27:37.745Z] GET https://a.basemaps.cartocdn.com/light_all/15/16582/12239.png → 200 (59ms, 32654B)
[2026-05-11T21:27:37.745Z] GET https://c.basemaps.cartocdn.com/light_all/15/16580/12237.png → 200 (59ms, 30573B)
[2026-05-11T21:27:37.745Z] GET https://b.basemaps.cartocdn.com/light_all/15/16582/12237.png → 200 (59ms, 27790B)
[2026-05-11T21:27:37.745Z] GET https://a.basemaps.cartocdn.com/light_all/15/16581/12240.png → 200 (59ms, 30872B)
[2026-05-11T21:27:37.745Z] GET https://c.basemaps.cartocdn.com/light_all/15/16580/12240.png → 200 (62ms, 29639B)
[2026-05-11T21:27:37.745Z] GET https://b.basemaps.cartocdn.com/light_all/15/16582/12240.png → 200 (62ms, 15542B)
[2026-05-11T21:27:56.875Z] GET http://localhost:3002/barberias → 200 (165ms, 39919B)
[2026-05-11T21:27:57.051Z] GET http://localhost:3002/_next/static/css/d79bbaf8c9584c93.css → 200 (1ms, 92359B)
[2026-05-11T21:27:57.053Z] GET http://localhost:3002/_next/static/css/7dfd643b849ac952.css → 200 (2ms, 70024B)
[2026-05-11T21:27:57.055Z] GET http://localhost:3002/_next/static/css/028302dccfbd8f41.css → 200 (?ms, 1949B)
[2026-05-11T21:27:57.056Z] GET http://localhost:3002/_next/static/chunks/webpack-b6ecb7084653318f.js → 200 (?ms, 3811B)
[2026-05-11T21:27:57.056Z] GET http://localhost:3002/_next/static/chunks/fd9d1056-eeee1a01e369ed1b.js → 200 (?ms, 172835B)
[2026-05-11T21:27:57.056Z] GET http://localhost:3002/_next/static/chunks/2117-557b22e847b244c1.js → 200 (2ms, 123529B)
[2026-05-11T21:27:57.059Z] GET http://localhost:3002/_next/static/chunks/main-app-694e2d46c8f8c3f3.js → 200 (?ms, 464B)
[2026-05-11T21:27:57.059Z] GET http://localhost:3002/_next/static/chunks/2972-0251acc8e67dd84b.js → 200 (?ms, 26067B)
[2026-05-11T21:27:57.059Z] GET http://localhost:3002/_next/static/chunks/app/layout-988276403c54d810.js → 200 (1ms, 13578B)
[2026-05-11T21:27:57.060Z] GET http://localhost:3002/_next/static/chunks/6540-c122906528a1f672.js → 200 (?ms, 28942B)
[2026-05-11T21:27:57.060Z] GET http://localhost:3002/_next/static/chunks/app/barberias/page-3f81ef7b7c449b2f.js → 200 (1ms, 157B)
[2026-05-11T21:27:57.113Z] GET http://localhost:3002/_next/static/chunks/05f6971a.f41d7bcef493ee72.js → 200 (?ms, 1036032B)
[2026-05-11T21:27:57.147Z] GET blob:http://localhost:3002/85132042-ebbf-48c0-b363-f6dfbfaf4933 → 200 (165ms, 478168B)
[2026-05-11T21:27:57.152Z] GET http://localhost:3002/barberias/barcelona?_rsc=1kcrr → 200 (59ms, 157B)
[2026-05-11T21:27:57.210Z] GET http://localhost:3002/_vercel/insights/script.js → 404 (101ms, ?B)
[2026-05-11T21:27:57.277Z] GET https://c.basemaps.cartocdn.com/light_all/7/62/48.png → 200 (33ms, 19987B)
[2026-05-11T21:27:57.278Z] GET https://b.basemaps.cartocdn.com/light_all/7/62/47.png → 200 (33ms, 19694B)
[2026-05-11T21:27:57.279Z] GET https://a.basemaps.cartocdn.com/light_all/7/63/48.png → 200 (32ms, 20756B)
[2026-05-11T21:27:57.279Z] GET https://c.basemaps.cartocdn.com/light_all/7/63/47.png → 200 (32ms, 23133B)
[2026-05-11T21:27:57.279Z] GET https://b.basemaps.cartocdn.com/light_all/7/61/48.png → 200 (32ms, 19205B)
[2026-05-11T21:27:57.279Z] GET https://a.basemaps.cartocdn.com/light_all/7/62/49.png → 200 (32ms, 13446B)
[2026-05-11T21:27:57.280Z] GET https://a.basemaps.cartocdn.com/light_all/7/61/47.png → 200 (31ms, 22079B)
[2026-05-11T21:27:57.280Z] GET https://b.basemaps.cartocdn.com/light_all/7/63/49.png → 200 (31ms, 13801B)
[2026-05-11T21:27:57.280Z] GET https://c.basemaps.cartocdn.com/light_all/7/61/49.png → 200 (31ms, 14345B)
[2026-05-11T21:27:57.280Z] GET https://a.basemaps.cartocdn.com/light_all/7/62/46.png → 200 (31ms, 7117B)
[2026-05-11T21:27:57.280Z] GET https://b.basemaps.cartocdn.com/light_all/7/64/48.png → 200 (31ms, 5046B)
[2026-05-11T21:27:57.280Z] GET https://b.basemaps.cartocdn.com/light_all/7/63/46.png → 200 (31ms, 16267B)
[2026-05-11T21:27:57.280Z] GET https://a.basemaps.cartocdn.com/light_all/7/64/47.png → 200 (31ms, 22930B)
[2026-05-11T21:27:57.280Z] GET https://c.basemaps.cartocdn.com/light_all/7/61/46.png → 200 (31ms, 8233B)
[2026-05-11T21:27:57.281Z] GET https://c.basemaps.cartocdn.com/light_all/7/64/49.png → 200 (30ms, 1565B)
[2026-05-11T21:27:57.281Z] GET https://c.basemaps.cartocdn.com/light_all/7/64/46.png → 200 (30ms, 21503B)
[2026-05-11T21:27:57.292Z] GET http://localhost:3002/?_rsc=1kcrr → 200 (40ms, 184963B)
[2026-05-11T21:27:57.306Z] GET http://localhost:3002/login?_rsc=1kcrr → 200 (26ms, 5782B)
[2026-05-11T21:27:57.306Z] GET http://localhost:3002/r/demo-barber?_rsc=1kcrr → 200 (26ms, 134B)
[2026-05-11T21:27:57.363Z] GET http://localhost:3002/_next/static/chunks/app/page-1ab1e862876b81ec.js → 200 (?ms, 7359B)
[2026-05-11T21:27:57.368Z] GET http://localhost:3002/_next/static/chunks/44530001-843f7204a6f30302.js → 200 (?ms, 60246B)
[2026-05-11T21:27:57.368Z] GET http://localhost:3002/_next/static/chunks/5069-499147e04af018fb.js → 200 (?ms, 172613B)
[2026-05-11T21:27:57.369Z] GET http://localhost:3002/_next/static/chunks/2990-45d32f3a32cc9347.js → 200 (9ms, 15136B)
[2026-05-11T21:27:57.379Z] GET http://localhost:3002/_next/static/chunks/app/login/page-edfcc960de60ec4c.js → 200 (?ms, 8044B)
[2026-05-11T21:27:57.570Z] GET https://b.basemaps.cartocdn.com/light_all/15/16581/12238.png → 200 (6ms, ?B)
[2026-05-11T21:27:57.572Z] GET https://c.basemaps.cartocdn.com/light_all/15/16581/12239.png → 200 (5ms, ?B)
[2026-05-11T21:27:57.572Z] GET https://a.basemaps.cartocdn.com/light_all/15/16580/12238.png → pending (?ms, ?B)
[2026-05-11T21:27:57.572Z] GET https://c.basemaps.cartocdn.com/light_all/15/16582/12238.png → pending (?ms, ?B)
[2026-05-11T21:27:57.572Z] GET https://b.basemaps.cartocdn.com/light_all/15/16580/12239.png → pending (?ms, ?B)
[2026-05-11T21:27:57.572Z] GET https://a.basemaps.cartocdn.com/light_all/15/16581/12237.png → pending (?ms, ?B)
[2026-05-11T21:27:57.572Z] GET https://a.basemaps.cartocdn.com/light_all/15/16582/12239.png → pending (?ms, ?B)
[2026-05-11T21:27:57.572Z] GET https://c.basemaps.cartocdn.com/light_all/15/16580/12237.png → pending (?ms, ?B)
[2026-05-11T21:27:57.572Z] GET https://b.basemaps.cartocdn.com/light_all/15/16582/12237.png → pending (?ms, ?B)
[2026-05-11T21:27:57.572Z] GET https://a.basemaps.cartocdn.com/light_all/15/16581/12240.png → pending (?ms, ?B)
[2026-05-11T21:27:57.572Z] GET https://c.basemaps.cartocdn.com/light_all/15/16579/12238.png → pending (?ms, ?B)
[2026-05-11T21:27:57.572Z] GET https://c.basemaps.cartocdn.com/light_all/15/16580/12240.png → pending (?ms, ?B)
[2026-05-11T21:27:57.576Z] GET https://a.basemaps.cartocdn.com/light_all/15/16579/12239.png → pending (?ms, ?B)
[2026-05-11T21:27:57.576Z] GET https://b.basemaps.cartocdn.com/light_all/15/16582/12240.png → pending (?ms, ?B)
[2026-05-11T21:27:57.576Z] GET https://b.basemaps.cartocdn.com/light_all/15/16579/12237.png → pending (?ms, ?B)
[2026-05-11T21:27:57.576Z] GET https://b.basemaps.cartocdn.com/light_all/15/16579/12240.png → pending (?ms, ?B)
[2026-05-11T21:28:17.827Z] GET https://c.basemaps.cartocdn.com/light_all/7/62/48.png → 200 (12ms, ?B)
[2026-05-11T21:28:17.828Z] GET https://b.basemaps.cartocdn.com/light_all/7/62/47.png → 200 (11ms, ?B)
[2026-05-11T21:28:17.829Z] GET https://a.basemaps.cartocdn.com/light_all/7/63/48.png → 200 (10ms, ?B)
[2026-05-11T21:28:17.833Z] GET https://c.basemaps.cartocdn.com/light_all/7/63/47.png → 200 (6ms, ?B)
[2026-05-11T21:28:17.833Z] GET https://b.basemaps.cartocdn.com/light_all/7/61/48.png → 200 (6ms, ?B)
[2026-05-11T21:28:17.833Z] GET https://a.basemaps.cartocdn.com/light_all/7/62/49.png → 200 (6ms, ?B)
[2026-05-11T21:28:17.833Z] GET https://a.basemaps.cartocdn.com/light_all/7/61/47.png → 200 (6ms, ?B)
[2026-05-11T21:28:17.833Z] GET https://b.basemaps.cartocdn.com/light_all/7/63/49.png → 200 (6ms, ?B)
[2026-05-11T21:28:17.833Z] GET https://c.basemaps.cartocdn.com/light_all/7/61/49.png → 200 (6ms, ?B)
[2026-05-11T21:28:17.833Z] GET https://a.basemaps.cartocdn.com/light_all/7/62/46.png → 200 (6ms, ?B)
[2026-05-11T21:28:17.833Z] GET https://b.basemaps.cartocdn.com/light_all/7/64/48.png → 200 (6ms, ?B)
[2026-05-11T21:28:17.833Z] GET https://b.basemaps.cartocdn.com/light_all/7/63/46.png → 200 (6ms, ?B)
[2026-05-11T21:28:17.833Z] GET https://a.basemaps.cartocdn.com/light_all/7/64/47.png → 200 (6ms, ?B)
[2026-05-11T21:28:17.833Z] GET https://c.basemaps.cartocdn.com/light_all/7/61/46.png → 200 (7ms, ?B)
[2026-05-11T21:28:17.833Z] GET https://c.basemaps.cartocdn.com/light_all/7/64/49.png → 200 (7ms, ?B)
[2026-05-11T21:28:17.839Z] GET https://c.basemaps.cartocdn.com/light_all/7/64/46.png → 200 (1ms, ?B)
[2026-05-11T21:28:18.023Z] GET https://b.basemaps.cartocdn.com/light_all/15/16581/12238.png → 200 (3ms, 33898B)
[2026-05-11T21:28:18.025Z] GET https://c.basemaps.cartocdn.com/light_all/15/16581/12239.png → 200 (55ms, 31691B)
[2026-05-11T21:28:18.025Z] GET https://a.basemaps.cartocdn.com/light_all/15/16580/12238.png → 200 (55ms, 22559B)
[2026-05-11T21:28:18.025Z] GET https://c.basemaps.cartocdn.com/light_all/15/16582/12238.png → 200 (55ms, 33291B)
[2026-05-11T21:28:18.025Z] GET https://b.basemaps.cartocdn.com/light_all/15/16580/12239.png → 200 (55ms, 23021B)
[2026-05-11T21:28:18.025Z] GET https://a.basemaps.cartocdn.com/light_all/15/16581/12237.png → 200 (57ms, 29094B)
[2026-05-11T21:28:18.025Z] GET https://a.basemaps.cartocdn.com/light_all/15/16582/12239.png → 200 (57ms, 32654B)
[2026-05-11T21:28:18.025Z] GET https://c.basemaps.cartocdn.com/light_all/15/16580/12237.png → 200 (57ms, 30573B)
[2026-05-11T21:28:18.025Z] GET https://b.basemaps.cartocdn.com/light_all/15/16582/12237.png → 200 (57ms, 27790B)
[2026-05-11T21:28:18.025Z] GET https://a.basemaps.cartocdn.com/light_all/15/16581/12240.png → 200 (57ms, 30872B)
[2026-05-11T21:28:18.025Z] GET https://c.basemaps.cartocdn.com/light_all/15/16579/12238.png → 200 (57ms, 22815B)
[2026-05-11T21:28:18.025Z] GET https://c.basemaps.cartocdn.com/light_all/15/16580/12240.png → 200 (57ms, 29639B)
[2026-05-11T21:28:18.026Z] GET https://a.basemaps.cartocdn.com/light_all/15/16579/12239.png → 200 (56ms, 24268B)
[2026-05-11T21:28:18.026Z] GET https://b.basemaps.cartocdn.com/light_all/15/16582/12240.png → 200 (60ms, 15542B)
[2026-05-11T21:28:18.026Z] GET https://b.basemaps.cartocdn.com/light_all/15/16579/12237.png → 200 (60ms, 30389B)
[2026-05-11T21:28:18.026Z] GET https://b.basemaps.cartocdn.com/light_all/15/16579/12240.png → 200 (60ms, 28214B)
[2026-05-11T21:28:42.633Z] GET https://c.basemaps.cartocdn.com/light_all/7/62/48.png → 200 (24ms, 19987B)
[2026-05-11T21:28:42.633Z] GET https://b.basemaps.cartocdn.com/light_all/7/62/47.png → 200 (24ms, 19694B)
[2026-05-11T21:28:42.633Z] GET https://a.basemaps.cartocdn.com/light_all/7/63/48.png → 200 (24ms, 20756B)
[2026-05-11T21:28:42.636Z] GET https://c.basemaps.cartocdn.com/light_all/7/63/47.png → 200 (21ms, 23133B)
[2026-05-11T21:28:42.636Z] GET https://b.basemaps.cartocdn.com/light_all/7/61/48.png → 200 (23ms, 19205B)
[2026-05-11T21:28:42.636Z] GET https://a.basemaps.cartocdn.com/light_all/7/62/49.png → 200 (23ms, 13446B)
[2026-05-11T21:28:42.636Z] GET https://a.basemaps.cartocdn.com/light_all/7/61/47.png → 200 (23ms, 22079B)
[2026-05-11T21:28:42.636Z] GET https://b.basemaps.cartocdn.com/light_all/7/63/49.png → 200 (23ms, 13801B)
[2026-05-11T21:28:42.636Z] GET https://c.basemaps.cartocdn.com/light_all/7/61/49.png → 200 (23ms, 14345B)
[2026-05-11T21:28:42.636Z] GET https://a.basemaps.cartocdn.com/light_all/7/62/46.png → 200 (23ms, 7117B)
[2026-05-11T21:28:42.636Z] GET https://b.basemaps.cartocdn.com/light_all/7/64/48.png → 200 (25ms, 5046B)
[2026-05-11T21:28:42.636Z] GET https://b.basemaps.cartocdn.com/light_all/7/63/46.png → 200 (25ms, 16267B)
[2026-05-11T21:28:42.636Z] GET https://a.basemaps.cartocdn.com/light_all/7/64/47.png → 200 (25ms, 22930B)
[2026-05-11T21:28:42.636Z] GET https://c.basemaps.cartocdn.com/light_all/7/61/46.png → 200 (25ms, 8233B)
[2026-05-11T21:28:42.636Z] GET https://c.basemaps.cartocdn.com/light_all/7/64/49.png → 200 (25ms, 1565B)
[2026-05-11T21:28:42.636Z] GET https://c.basemaps.cartocdn.com/light_all/7/64/46.png → 200 (25ms, 21503B)
[2026-05-11T21:28:42.878Z] GET https://b.basemaps.cartocdn.com/light_all/15/16581/12238.png → 200 (6ms, 33898B)
[2026-05-11T21:28:42.880Z] GET https://c.basemaps.cartocdn.com/light_all/15/16581/12239.png → 200 (4ms, 31691B)
[2026-05-11T21:28:42.880Z] GET https://a.basemaps.cartocdn.com/light_all/15/16580/12238.png → 200 (61ms, 22559B)
[2026-05-11T21:28:42.881Z] GET https://c.basemaps.cartocdn.com/light_all/15/16582/12238.png → 200 (60ms, 33291B)
[2026-05-11T21:28:42.881Z] GET https://b.basemaps.cartocdn.com/light_all/15/16580/12239.png → 200 (61ms, 23021B)
[2026-05-11T21:28:42.881Z] GET https://a.basemaps.cartocdn.com/light_all/15/16581/12237.png → 200 (61ms, 29094B)
[2026-05-11T21:28:42.881Z] GET https://a.basemaps.cartocdn.com/light_all/15/16582/12239.png → 200 (61ms, 32654B)
[2026-05-11T21:28:42.882Z] GET https://c.basemaps.cartocdn.com/light_all/15/16580/12237.png → 200 (60ms, 30573B)
[2026-05-11T21:28:42.882Z] GET https://b.basemaps.cartocdn.com/light_all/15/16582/12237.png → 200 (61ms, 27790B)
[2026-05-11T21:28:42.883Z] GET https://a.basemaps.cartocdn.com/light_all/15/16581/12240.png → 200 (61ms, 30872B)
[2026-05-11T21:28:42.883Z] GET https://c.basemaps.cartocdn.com/light_all/15/16579/12238.png → 200 (61ms, 22815B)
[2026-05-11T21:28:42.883Z] GET https://c.basemaps.cartocdn.com/light_all/15/16580/12240.png → 200 (61ms, 29639B)
[2026-05-11T21:28:42.883Z] GET https://a.basemaps.cartocdn.com/light_all/15/16579/12239.png → 200 (61ms, 24268B)
[2026-05-11T21:28:42.883Z] GET https://b.basemaps.cartocdn.com/light_all/15/16582/12240.png → 200 (61ms, 15542B)
[2026-05-11T21:28:42.883Z] GET https://b.basemaps.cartocdn.com/light_all/15/16579/12237.png → 200 (61ms, 30389B)
[2026-05-11T21:28:42.883Z] GET https://b.basemaps.cartocdn.com/light_all/15/16579/12240.png → 200 (61ms, 28214B)
[2026-05-11T21:29:12.447Z] GET http://localhost:3002/demo?_rsc=16djb → 200 (44ms, 20296B)
[2026-05-11T21:29:12.447Z] GET http://localhost:3002/forgot-password?_rsc=16djb → 200 (49ms, 5822B)
[2026-05-11T21:29:12.449Z] GET http://localhost:3002/legal?_rsc=16djb → 200 (47ms, 34646B)
[2026-05-11T21:29:12.496Z] GET http://localhost:3002/_next/static/chunks/app/demo/page-381446008f9a6d99.js → 200 (7ms, 335B)
[2026-05-11T21:29:12.500Z] GET http://localhost:3002/_next/static/chunks/app/legal/page-f44bb1f14a9e8d5c.js → 200 (7ms, 335B)
[2026-05-11T21:29:12.501Z] GET http://localhost:3002/_next/static/chunks/app/forgot-password/page-c0f6f96552a4f966.js → 200 (10ms, 3590B)
[2026-05-11T21:29:51.019Z] GET http://localhost:3002/barberias → 200 (272ms, 39919B)
[2026-05-11T21:29:51.300Z] GET http://localhost:3002/_next/static/css/d79bbaf8c9584c93.css → 200 (1ms, 92359B)
[2026-05-11T21:29:51.302Z] GET http://localhost:3002/_next/static/css/7dfd643b849ac952.css → 200 (?ms, 70024B)
[2026-05-11T21:29:51.303Z] GET http://localhost:3002/_next/static/css/028302dccfbd8f41.css → 200 (2ms, 1949B)
[2026-05-11T21:29:51.305Z] GET http://localhost:3002/_next/static/chunks/webpack-b6ecb7084653318f.js → 200 (?ms, 3811B)
[2026-05-11T21:29:51.305Z] GET http://localhost:3002/_next/static/chunks/fd9d1056-eeee1a01e369ed1b.js → 200 (?ms, 172835B)
[2026-05-11T21:29:51.305Z] GET http://localhost:3002/_next/static/chunks/2117-557b22e847b244c1.js → 200 (?ms, 123529B)
[2026-05-11T21:29:51.306Z] GET http://localhost:3002/_next/static/chunks/main-app-694e2d46c8f8c3f3.js → 200 (?ms, 464B)
[2026-05-11T21:29:51.306Z] GET http://localhost:3002/_next/static/chunks/2972-0251acc8e67dd84b.js → 200 (?ms, 26067B)
[2026-05-11T21:29:51.306Z] GET http://localhost:3002/_next/static/chunks/app/layout-988276403c54d810.js → 200 (?ms, 13578B)
[2026-05-11T21:29:51.307Z] GET http://localhost:3002/_next/static/chunks/6540-c122906528a1f672.js → 200 (1ms, 28942B)
[2026-05-11T21:29:51.309Z] GET http://localhost:3002/_next/static/chunks/app/barberias/page-3f81ef7b7c449b2f.js → 200 (?ms, 157B)
[2026-05-11T21:29:51.347Z] GET http://localhost:3002/_next/static/chunks/05f6971a.f41d7bcef493ee72.js → 200 (?ms, 1036032B)
[2026-05-11T21:29:51.348Z] GET http://localhost:3002/_vercel/insights/script.js → 404 (127ms, ?B)
[2026-05-11T21:29:51.406Z] GET blob:http://localhost:3002/5c9f4848-f5e1-47d5-8a0d-029f661cc66f → 200 (181ms, ?B)
[2026-05-11T21:29:51.485Z] GET http://localhost:3002/?_rsc=1kcrr → 200 (81ms, 184963B)
[2026-05-11T21:29:51.486Z] GET http://localhost:3002/login?_rsc=1kcrr → 200 (93ms, 5782B)
[2026-05-11T21:29:51.486Z] GET http://localhost:3002/barberias/barcelona?_rsc=1kcrr → 200 (93ms, 157B)
[2026-05-11T21:29:51.486Z] GET http://localhost:3002/r/demo-barber?_rsc=1kcrr → 200 (143ms, 134B)
[2026-05-11T21:29:51.560Z] GET https://c.basemaps.cartocdn.com/light_all/7/62/48.png → 200 (33ms, 19987B)
[2026-05-11T21:29:51.561Z] GET https://b.basemaps.cartocdn.com/light_all/7/62/47.png → 200 (70ms, 19694B)
[2026-05-11T21:29:51.561Z] GET https://a.basemaps.cartocdn.com/light_all/7/63/48.png → 200 (71ms, 20756B)
[2026-05-11T21:29:51.561Z] GET https://c.basemaps.cartocdn.com/light_all/7/63/47.png → 200 (71ms, 23133B)
[2026-05-11T21:29:51.561Z] GET https://b.basemaps.cartocdn.com/light_all/7/61/48.png → 200 (71ms, 19205B)
[2026-05-11T21:29:51.561Z] GET https://a.basemaps.cartocdn.com/light_all/7/62/49.png → 200 (71ms, 13446B)
[2026-05-11T21:29:51.561Z] GET https://a.basemaps.cartocdn.com/light_all/7/61/47.png → 200 (72ms, 22079B)
[2026-05-11T21:29:51.561Z] GET https://b.basemaps.cartocdn.com/light_all/7/63/49.png → 200 (72ms, 13801B)
[2026-05-11T21:29:51.563Z] GET https://c.basemaps.cartocdn.com/light_all/7/61/49.png → 200 (70ms, 14345B)
[2026-05-11T21:29:51.564Z] GET https://a.basemaps.cartocdn.com/light_all/7/62/46.png → 200 (69ms, 7117B)
[2026-05-11T21:29:51.564Z] GET https://b.basemaps.cartocdn.com/light_all/7/64/48.png → 200 (69ms, 5046B)
[2026-05-11T21:29:51.564Z] GET https://b.basemaps.cartocdn.com/light_all/7/63/46.png → 200 (69ms, 16267B)
[2026-05-11T21:29:51.564Z] GET https://a.basemaps.cartocdn.com/light_all/7/64/47.png → 200 (70ms, 22930B)
[2026-05-11T21:29:51.564Z] GET https://c.basemaps.cartocdn.com/light_all/7/61/46.png → 200 (70ms, 8233B)
[2026-05-11T21:29:51.564Z] GET https://c.basemaps.cartocdn.com/light_all/7/64/49.png → 200 (70ms, 1565B)
[2026-05-11T21:29:51.564Z] GET https://c.basemaps.cartocdn.com/light_all/7/64/46.png → 200 (70ms, 21503B)
[2026-05-11T21:29:51.600Z] GET http://localhost:3002/_next/static/chunks/app/page-1ab1e862876b81ec.js → 200 (?ms, 7359B)
[2026-05-11T21:29:51.609Z] GET http://localhost:3002/_next/static/chunks/44530001-843f7204a6f30302.js → 200 (?ms, 60246B)
[2026-05-11T21:29:51.611Z] GET http://localhost:3002/_next/static/chunks/5069-499147e04af018fb.js → 200 (?ms, 172613B)
[2026-05-11T21:29:51.611Z] GET http://localhost:3002/_next/static/chunks/2990-45d32f3a32cc9347.js → 200 (?ms, 15136B)
[2026-05-11T21:29:51.627Z] GET http://localhost:3002/_next/static/chunks/app/login/page-edfcc960de60ec4c.js → 200 (1ms, 8044B)
[2026-05-11T21:29:51.885Z] GET https://b.basemaps.cartocdn.com/light_all/15/16581/12238.png → 200 (7ms, 33898B)
[2026-05-11T21:29:51.885Z] GET https://c.basemaps.cartocdn.com/light_all/15/16581/12239.png → 200 (7ms, 31691B)
[2026-05-11T21:29:51.886Z] GET https://a.basemaps.cartocdn.com/light_all/15/16580/12238.png → 200 (6ms, 22559B)
[2026-05-11T21:29:51.886Z] GET https://c.basemaps.cartocdn.com/light_all/15/16582/12238.png → 200 (69ms, 33291B)
[2026-05-11T21:29:51.886Z] GET https://b.basemaps.cartocdn.com/light_all/15/16580/12239.png → 200 (77ms, 23021B)
[2026-05-11T21:29:51.886Z] GET https://a.basemaps.cartocdn.com/light_all/15/16581/12237.png → 200 (100ms, 29094B)
[2026-05-11T21:29:51.886Z] GET https://a.basemaps.cartocdn.com/light_all/15/16582/12239.png → 200 (124ms, 32654B)
[2026-05-11T21:29:51.886Z] GET https://c.basemaps.cartocdn.com/light_all/15/16580/12237.png → 200 (124ms, 30573B)
[2026-05-11T21:29:51.886Z] GET https://b.basemaps.cartocdn.com/light_all/15/16582/12237.png → 200 (124ms, 27790B)
[2026-05-11T21:29:51.892Z] GET https://a.basemaps.cartocdn.com/light_all/15/16581/12240.png → 200 (118ms, 30872B)
[2026-05-11T21:29:51.892Z] GET https://c.basemaps.cartocdn.com/light_all/15/16579/12238.png → 200 (118ms, 22815B)
[2026-05-11T21:29:51.892Z] GET https://c.basemaps.cartocdn.com/light_all/15/16580/12240.png → 200 (118ms, 29639B)
[2026-05-11T21:29:51.892Z] GET https://a.basemaps.cartocdn.com/light_all/15/16579/12239.png → 200 (157ms, 24268B)
[2026-05-11T21:29:51.892Z] GET https://b.basemaps.cartocdn.com/light_all/15/16582/12240.png → 200 (159ms, 15542B)
[2026-05-11T21:29:51.892Z] GET https://b.basemaps.cartocdn.com/light_all/15/16579/12237.png → 200 (163ms, 30389B)
[2026-05-11T21:29:51.892Z] GET https://b.basemaps.cartocdn.com/light_all/15/16579/12240.png → 200 (163ms, 28214B)
